<?xml version="1.0" encoding="utf-8"?><testsuites name="pytest tests"><testsuite name="pytest" errors="0" failures="0" skipped="0" tests="19" time="6.818" timestamp="2026-05-23T12:51:33.532258+00:00" hostname="agent-env-f17bbd7d-5f81-4870-8474-c2efb0685337"><testcase classname="backend.tests.test_axum_bilingual" name="test_config" time="5.327" /><testcase classname="backend.tests.test_axum_bilingual" name="test_products_en" time="0.049" /><testcase classname="backend.tests.test_axum_bilingual" name="test_products_ru" time="0.048" /><testcase classname="backend.tests.test_axum_bilingual" name="test_categories_ru" time="0.047" /><testcase classname="backend.tests.test_axum_bilingual" name="test_categories_en" time="0.046" /><testcase classname="backend.tests.test_axum_bilingual" name="test_hero_ru" time="0.046" /><testcase classname="backend.tests.test_axum_bilingual" name="test_lookbook_ru" time="0.047" /><testcase classname="backend.tests.test_axum_bilingual" name="test_newsletter_regression" time="0.054" /><testcase classname="backend.tests.test_axum_bilingual" name="test_admin_products_unauth" time="0.046" /><testcase classname="backend.tests.test_axum_bilingual" name="test_admin_hero_unauth" time="0.044" /><testcase classname="backend.tests.test_axum_bilingual" name="test_admin_lookbook_unauth" time="0.044" /><testcase classname="backend.tests.test_axum_bilingual" name="test_admin_forbidden_nonadmin" time="0.059" /><testcase classname="backend.tests.test_axum_bilingual" name="test_admin_me" time="0.045" /><testcase classname="backend.tests.test_axum_bilingual" name="test_admin_list_products_bilingual" time="0.045" /><testcase classname="backend.tests.test_axum_bilingual" name="test_admin_list_hero_bilingual" time="0.050" /><testcase classname="backend.tests.test_axum_bilingual" name="test_admin_list_lookbook_bilingual" time="0.047" /><testcase classname="backend.tests.test_axum_bilingual" name="test_admin_product_crud_and_rub_override" time="0.285" /><testcase classname="backend.tests.test_axum_bilingual" name="test_admin_hero_crud" time="0.139" /><testcase classname="backend.tests.test_axum_bilingual" name="test_admin_lookbook_crud" time="0.156" /></testsuite></testsuites>