<?xml version="1.0" encoding="utf-8"?><testsuites name="pytest tests"><testsuite name="pytest" errors="0" failures="0" skipped="0" tests="10" time="0.893" timestamp="2026-05-23T12:29:43.296392+00:00" hostname="agent-env-f17bbd7d-5f81-4870-8474-c2efb0685337"><testcase classname="backend.tests.test_axum_api" name="test_api_root" time="0.230" /><testcase classname="backend.tests.test_axum_api" name="test_list_products" time="0.055" /><testcase classname="backend.tests.test_axum_api" name="test_filter_products_evening" time="0.047" /><testcase classname="backend.tests.test_axum_api" name="test_filter_products_all" time="0.053" /><testcase classname="backend.tests.test_axum_api" name="test_products_categories" time="0.046" /><testcase classname="backend.tests.test_axum_api" name="test_hero_list" time="0.046" /><testcase classname="backend.tests.test_axum_api" name="test_lookbook_list" time="0.048" /><testcase classname="backend.tests.test_axum_api" name="test_newsletter_create_and_duplicate" time="0.121" /><testcase classname="backend.tests.test_axum_api" name="test_newsletter_invalid_email" time="0.047" /><testcase classname="backend.tests.test_axum_api" name="test_newsletter_count" time="0.047" /></testsuite></testsuites>